<?xml version="1.0" encoding="UTF-8"?>
<!-- Generated by org.testng.reporters.JUnitReportReporter -->
<testsuite hostname="Rashmi-PC" name="Generic_libraries.propertyfile" tests="1" failures="0" timestamp="23 Aug 2019 09:00:12 GMT" time="0.046" errors="0">
  <testcase name="getData" time="0.046" classname="Generic_libraries.propertyfile"/>
</testsuite> <!-- Generic_libraries.propertyfile -->
