<?xml version="1.0" encoding="UTF-8"?>
<!-- Generated by org.testng.reporters.JUnitReportReporter -->
<testsuite hostname="Rashmi-PC" name="Script.GmailLogin" tests="1" failures="0" timestamp="12 Sep 2019 18:11:14 GMT" time="131.657" errors="0">
  <testcase name="testLogin" time="131.657" classname="Script.GmailLogin"/>
</testsuite> <!-- Script.GmailLogin -->
